0 info it worked if it ends with ok
1 verbose cli [ '/home/ubuntu/.nvm/versions/node/v4.4.5/bin/node',
1 verbose cli   '/home/ubuntu/.nvm/versions/node/v4.4.5/bin/npm',
1 verbose cli   'install',
1 verbose cli   '-g',
1 verbose cli   'ionic' ]
2 info using npm@2.15.5
3 info using node@v4.4.5
4 verbose install initial load of /usr/loca/lib/package.json
5 verbose readDependencies loading dependencies from /usr/loca/lib/package.json
6 silly cache add args [ 'ionic', null ]
7 verbose cache add spec ionic
8 silly cache add parsed spec Result {
8 silly cache add   raw: 'ionic',
8 silly cache add   scope: null,
8 silly cache add   name: 'ionic',
8 silly cache add   rawSpec: '',
8 silly cache add   spec: 'latest',
8 silly cache add   type: 'tag' }
9 silly addNamed ionic@latest
10 verbose addNamed "latest" is being treated as a dist-tag for ionic
11 info addNameTag [ 'ionic', 'latest' ]
12 silly mapToRegistry name ionic
13 silly mapToRegistry using default registry
14 silly mapToRegistry registry https://registry.npmjs.org/
15 silly mapToRegistry data Result {
15 silly mapToRegistry   raw: 'ionic',
15 silly mapToRegistry   scope: null,
15 silly mapToRegistry   name: 'ionic',
15 silly mapToRegistry   rawSpec: '',
15 silly mapToRegistry   spec: 'latest',
15 silly mapToRegistry   type: 'tag' }
16 silly mapToRegistry uri https://registry.npmjs.org/ionic
17 verbose addNameTag registry:https://registry.npmjs.org/ionic not in flight; fetching
18 verbose request uri https://registry.npmjs.org/ionic
19 verbose request no auth needed
20 info attempt registry request try #1 at 5:39:38 PM
21 verbose request id ce52f38d679cbba7
22 verbose etag "6CYQ3B90FUT1I7UAKADMO3A6V"
23 http request GET https://registry.npmjs.org/ionic
24 http 304 https://registry.npmjs.org/ionic
25 verbose headers { date: 'Fri, 15 Jul 2016 17:39:38 GMT',
25 verbose headers   via: '1.1 varnish',
25 verbose headers   'cache-control': 'max-age=300',
25 verbose headers   etag: '"6CYQ3B90FUT1I7UAKADMO3A6V"',
25 verbose headers   age: '13',
25 verbose headers   connection: 'keep-alive',
25 verbose headers   'x-served-by': 'cache-ord1739-ORD',
25 verbose headers   'x-cache': 'HIT',
25 verbose headers   'x-cache-hits': '1',
25 verbose headers   'x-timer': 'S1468604378.883065,VS0,VE0',
25 verbose headers   vary: 'Accept-Encoding' }
26 silly get cb [ 304,
26 silly get   { date: 'Fri, 15 Jul 2016 17:39:38 GMT',
26 silly get     via: '1.1 varnish',
26 silly get     'cache-control': 'max-age=300',
26 silly get     etag: '"6CYQ3B90FUT1I7UAKADMO3A6V"',
26 silly get     age: '13',
26 silly get     connection: 'keep-alive',
26 silly get     'x-served-by': 'cache-ord1739-ORD',
26 silly get     'x-cache': 'HIT',
26 silly get     'x-cache-hits': '1',
26 silly get     'x-timer': 'S1468604378.883065,VS0,VE0',
26 silly get     vary: 'Accept-Encoding' } ]
27 verbose etag https://registry.npmjs.org/ionic from cache
28 verbose get saving ionic to /home/ubuntu/.npm/registry.npmjs.org/ionic/.cache.json
29 verbose correctMkdir /home/ubuntu/.npm correctMkdir not in flight; initializing
30 silly addNameTag next cb for ionic with tag latest
31 silly addNamed ionic@1.7.16
32 verbose addNamed "1.7.16" is a plain semver version for ionic
33 silly cache afterAdd ionic@1.7.16
34 verbose afterAdd /home/ubuntu/.npm/ionic/1.7.16/package/package.json not in flight; writing
35 verbose correctMkdir /home/ubuntu/.npm correctMkdir not in flight; initializing
36 verbose afterAdd /home/ubuntu/.npm/ionic/1.7.16/package/package.json written
37 silly install resolved [ { name: 'ionic',
37 silly install resolved     version: '1.7.16',
37 silly install resolved     preferGlobal: true,
37 silly install resolved     description: 'A tool for creating and developing Ionic Framework mobile apps.',
37 silly install resolved     homepage: 'http://ionicframework.com/',
37 silly install resolved     bin: { ionic: 'bin/ionic' },
37 silly install resolved     scripts:
37 silly install resolved      { bump: 'node lib/tasks/bumpversion',
37 silly install resolved        'beta-bump': 'node lib/tasks/bumpversion --level pre --identifier beta',
37 silly install resolved        'publish-release': 'node lib/tasks/bumpversion --npmPublish',
37 silly install resolved        'publish-tag': 'node lib/tasks/bumpversion --level beta --npmPublishTag',
37 silly install resolved        'full-release': 'node lib/tasks/bumpversion --npmInstall --git --npmPublish',
37 silly install resolved        test: 'npm run jasmine',
37 silly install resolved        coveralls: 'istanbul cover node_modules/jasmine-node/bin/jasmine-node --captureExceptions spec/ && cat coverage/lcov.info | node_modules/coveralls/bin/coveralls.js && rm -rf coverage',
37 silly install resolved        e2e: 'jasmine-node --captureExceptions e2e/',
37 silly install resolved        jasmine: 'jasmine-node --captureExceptions  spec/' },
37 silly install resolved     keywords:
37 silly install resolved      [ 'ionic',
37 silly install resolved        'ionic framework',
37 silly install resolved        'ionicframework',
37 silly install resolved        'mobile',
37 silly install resolved        'app',
37 silly install resolved        'hybrid',
37 silly install resolved        'cordova',
37 silly install resolved        'phonegap' ],
37 silly install resolved     repository:
37 silly install resolved      { type: 'git',
37 silly install resolved        url: 'git+https://github.com/driftyco/ionic-cli.git' },
37 silly install resolved     contributors: [ [Object], [Object], [Object], [Object] ],
37 silly install resolved     license: 'MIT',
37 silly install resolved     dependencies:
37 silly install resolved      { async: '^0.9.0',
37 silly install resolved        cheerio: '^0.19.0',
37 silly install resolved        'cli-table': '^0.3.1',
37 silly install resolved        colors: '0.6.2',
37 silly install resolved        connect: '3.1.1',
37 silly install resolved        'connect-livereload': '0.5.2',
37 silly install resolved        crc: '3.2.1',
37 silly install resolved        'cross-spawn': '0.2.3',
37 silly install resolved        'event-stream': '3.0.x',
37 silly install resolved        'expand-tilde': '^1.2.0',
37 silly install resolved        finalhandler: '0.2.0',
37 silly install resolved        'form-data': '0.1.4',
37 silly install resolved        gulp: '3.8.8',
37 silly install resolved        'ionic-app-lib': '0.7.3',
37 silly install resolved        moment: '^2.10.6',
37 silly install resolved        ncp: '0.4.2',
37 silly install resolved        npm: '2.1.3',
37 silly install resolved        open: '0.0.5',
37 silly install resolved        optimist: '0.6.0',
37 silly install resolved        progress: '1.1.7',
37 silly install resolved        prompt: '0.2.12',
37 silly install resolved        'proxy-middleware': '^0.7.0',
37 silly install resolved        q: '1.0.1',
37 silly install resolved        request: '2.51.0',
37 silly install resolved        semver: '^4.2.0',
37 silly install resolved        'serve-static': '1.7.1',
37 silly install resolved        shelljs: '0.2.6',
37 silly install resolved        'tiny-lr-fork': '0.0.5',
37 silly install resolved        underscore: '~1.7.0',
37 silly install resolved        unzip: '0.1.9',
37 silly install resolved        'vinyl-fs': '0.3.7',
37 silly install resolved        xml2js: '0.4.4' },
37 silly install resolved     devDependencies:
37 silly install resolved      { istanbul: '^0.4.3',
37 silly install resolved        'jasmine-node': '^1.14.5',
37 silly install resolved        rewire: '^2.3.4',
37 silly install resolved        coveralls: '^2.2.0' },
37 silly install resolved     gitHead: '18c567549d82beaa921c2afcd4abbd6c2c2ff402',
37 silly install resolved     bugs: { url: 'https://github.com/driftyco/ionic-cli/issues' },
37 silly install resolved     bundleDependencies:
37 silly install resolved      [ 'async',
37 silly install resolved        'cheerio',
37 silly install resolved        'cli-table',
37 silly install resolved        'colors',
37 silly install resolved        'connect',
37 silly install resolved        'connect-livereload',
37 silly install resolved        'crc',
37 silly install resolved        'cross-spawn',
37 silly install resolved        'event-stream',
37 silly install resolved        'expand-tilde',
37 silly install resolved        'finalhandler',
37 silly install resolved        'form-data',
37 silly install resolved        'gulp',
37 silly install resolved        'ionic-app-lib',
37 silly install resolved        'moment',
37 silly install resolved        'ncp',
37 silly install resolved        'npm',
37 silly install resolved        'open',
37 silly install resolved        'optimist',
37 silly install resolved        'progress',
37 silly install resolved        'prompt',
37 silly install resolved        'proxy-middleware',
37 silly install resolved        'q',
37 silly install resolved        'request',
37 silly install resolved        'semver',
37 silly install resolved        'serve-static',
37 silly install resolved        'shelljs',
37 silly install resolved        'tiny-lr-fork',
37 silly install resolved        'underscore',
37 silly install resolved        'unzip',
37 silly install resolved        'vinyl-fs',
37 silly install resolved        'xml2js' ],
37 silly install resolved     _id: 'ionic@1.7.16',
37 silly install resolved     _shasum: 'aeff62ee70b10b1563d85b9d4ea7005640bbc584',
37 silly install resolved     _from: 'ionic@latest',
37 silly install resolved     _npmVersion: '2.15.8',
37 silly install resolved     _nodeVersion: '5.11.1',
37 silly install resolved     _npmUser: { name: 'tlancina', email: 'tim@ionic.io' },
37 silly install resolved     dist:
37 silly install resolved      { shasum: 'aeff62ee70b10b1563d85b9d4ea7005640bbc584',
37 silly install resolved        tarball: 'https://registry.npmjs.org/ionic/-/ionic-1.7.16.tgz' },
37 silly install resolved     maintainers: [ [Object], [Object], [Object], [Object], [Object], [Object] ],
37 silly install resolved     _npmOperationalInternal:
37 silly install resolved      { host: 'packages-12-west.internal.npmjs.com',
37 silly install resolved        tmp: 'tmp/ionic-1.7.16.tgz_1466719271098_0.49172955146059394' },
37 silly install resolved     directories: {},
37 silly install resolved     _resolved: 'https://registry.npmjs.org/ionic/-/ionic-1.7.16.tgz',
37 silly install resolved     readme: 'ERROR: No README data found!' } ]
38 info install ionic@1.7.16 into /usr/loca/lib
39 info installOne ionic@1.7.16
40 verbose installOne of ionic to /usr/loca/lib not in flight; installing
41 verbose correctMkdir /home/ubuntu/.npm/_locks correctMkdir not in flight; initializing
42 verbose lock using /home/ubuntu/.npm/_locks/ionic-7bc936cdddd21a18.lock for /usr/loca/lib/node_modules/ionic
43 silly install write writing ionic 1.7.16 to /usr/loca/lib/node_modules/ionic
44 verbose unbuild lib/node_modules/ionic
45 info preuninstall ionic@1.7.16
46 info uninstall ionic@1.7.16
47 verbose unbuild rmStuff ionic@1.7.16 from /usr/loca/lib/node_modules
48 silly gentlyRm /usr/loca/bin/ionic is being gently removed
49 silly gentlyRm verifying /usr/loca is an npm working directory
50 silly gentlyRm containing path /usr/loca is under npm's control, in /usr/loca
51 silly gentlyRm deletion target /usr/loca/bin/ionic is under /usr/loca
52 verbose gentlyRm vacuuming from /usr/loca/bin/ionic up to /usr/loca
53 silly vacuum-fs removing /usr/loca/bin/ionic
54 verbose unlock done using /home/ubuntu/.npm/_locks/ionic-7bc936cdddd21a18.lock for /usr/loca/lib/node_modules/ionic
55 verbose stack Error: EACCES: permission denied, unlink '/usr/loca/bin/ionic'
55 verbose stack     at Error (native)
56 verbose cwd /home/ubuntu/workspace
57 error Linux 4.2.0-c9
58 error argv "/home/ubuntu/.nvm/versions/node/v4.4.5/bin/node" "/home/ubuntu/.nvm/versions/node/v4.4.5/bin/npm" "install" "-g" "ionic"
59 error node v4.4.5
60 error npm  v2.15.5
61 error path /usr/loca/bin/ionic
62 error code EACCES
63 error errno -13
64 error syscall unlink
65 error Error: EACCES: permission denied, unlink '/usr/loca/bin/ionic'
65 error     at Error (native)
65 error  { [Error: EACCES: permission denied, unlink '/usr/loca/bin/ionic']
65 error   errno: -13,
65 error   code: 'EACCES',
65 error   syscall: 'unlink',
65 error   path: '/usr/loca/bin/ionic' }
66 error Please try running this command again as root/Administrator.
67 verbose exit [ -13, true ]
68 verbose unbuild lib/node_modules/ionic
69 info preuninstall ionic@1.7.16
70 info uninstall ionic@1.7.16
71 verbose unbuild rmStuff ionic@1.7.16 from /usr/loca/lib/node_modules
72 silly gentlyRm /usr/loca/bin/ionic is being gently removed
73 silly gentlyRm verifying /usr/loca is an npm working directory
74 silly gentlyRm containing path /usr/loca is under npm's control, in /usr/loca
75 silly gentlyRm deletion target /usr/loca/bin/ionic is under /usr/loca
76 verbose gentlyRm vacuuming from /usr/loca/bin/ionic up to /usr/loca
77 silly vacuum-fs removing /usr/loca/bin/ionic
78 error error rolling back Error: EACCES: permission denied, unlink '/usr/loca/bin/ionic'
78 error error rolling back     at Error (native)
78 error error rolling back  { [Error: EACCES: permission denied, unlink '/usr/loca/bin/ionic']
78 error error rolling back   errno: -13,
78 error error rolling back   code: 'EACCES',
78 error error rolling back   syscall: 'unlink',
78 error error rolling back   path: '/usr/loca/bin/ionic' }
